Build started 4/14/2011 1:10:26 PM.
     1>Project "C:\Users\vitalema\Documents\Courses\CSSE 376\BEER\Beer\Beer\Beer\Beer.vcxproj" on node 2 (build target(s)).
     1>InitializeBuildStatus:
         Creating "Debug\Beer.unsuccessfulbuild" because "AlwaysCreate" was specified.
       ClCompile:
         C:\Program Files\Microsoft Visual Studio 10.0\VC\bin\CL.exe /c /ZI /nologo /W3 /WX- /Od /Oy- /D _MBCS /Gm /EHsc /RTC1 /MDd /GS /fp:precise /Zc:wchar_t /Zc:forScope /Fo"Debug\\" /Fd"Debug\vc100.pdb" /Gd /TP /analyze- /errorReport:prompt Item.cpp
         Item.cpp
       Lib:
         C:\Program Files\Microsoft Visual Studio 10.0\VC\bin\Lib.exe /OUT:"C:\Users\vitalema\Documents\Courses\CSSE 376\BEER\Beer\BeerTest\Debug\Beer.lib" /NOLOGO Debug\Game.obj
         Debug\Item.obj
         Debug\Launcher.obj
         Debug\Player.obj
         Debug\Region.obj
         Debug\View.obj
     1>Launcher.obj : warning LNK4221: This object file does not define any previously undefined public symbols, so it will not be used by any link operation that consumes this library
     1>Game.obj : warning LNK4221: This object file does not define any previously undefined public symbols, so it will not be used by any link operation that consumes this library
         Beer.vcxproj -> C:\Users\vitalema\Documents\Courses\CSSE 376\BEER\Beer\BeerTest\Debug\Beer.lib
       FinalizeBuildStatus:
         Deleting file "Debug\Beer.unsuccessfulbuild".
         Touching "Debug\Beer.lastbuildstate".
     1>Done Building Project "C:\Users\vitalema\Documents\Courses\CSSE 376\BEER\Beer\Beer\Beer\Beer.vcxproj" (build target(s)).

Build succeeded.

Time Elapsed 00:00:05.31
